# JRE version: OpenJDK Runtime Environment Temurin-17.0.4+8 (17.0.4+8) (build 17.0.4+8)
# Java VM: OpenJDK 64-Bit Server VM Temurin-17.0.4+8 (17.0.4+8, mixed mode, tiered, compressed oops, compressed class ptrs, g1 gc, windows-amd64)
GC Precious Log:
 CPUs: 8 total, 8 available
 Memory: 6081M
 Large Page Support: Disabled
 NUMA Support: Disabled
 Compressed Oops: Enabled (32-bit)
 Heap Region Size: 1M
 Heap Min Capacity: 8M
 Heap Initial Capacity: 96M
 Heap Max Capacity: 1522M
 Pre-touch: Disabled
 Parallel Workers: 8
 Concurrent Workers: 2
 Concurrent Refinement Workers: 8
 Periodic GC: Disabled
Heap:
 garbage-first heap   total 98304K, used 10669K [0x00000000a0e00000, 0x0000000100000000)
  region size 1024K, 9 young (9216K), 1 survivors (1024K)
 Metaspace       used 19079K, committed 19264K, reserved 1073152K
  class space    used 1874K, committed 1984K, reserved 1048576K
GC Heap History (20 events):
Event: 2.821 GC heap before
{Heap before GC invocations=3 (full 0):
 garbage-first heap   total 98304K, used 60934K [0x00000000a0e00000, 0x0000000100000000)
  region size 1024K, 57 young (58368K), 1 survivors (1024K)
 Metaspace       used 18933K, committed 19136K, reserved 1073152K
  class space    used 1870K, committed 1984K, reserved 1048576K
}
Event: 2.822 GC heap after
{Heap after GC invocations=4 (full 0):
 garbage-first heap   total 98304K, used 3500K [0x00000000a0e00000, 0x0000000100000000)
  region size 1024K, 1 young (1024K), 1 survivors (1024K)
 Metaspace       used 18933K, committed 19136K, reserved 1073152K
  class space    used 1870K, committed 1984K, reserved 1048576K
}
Event: 2.939 GC heap before
{Heap before GC invocations=4 (full 0):
 garbage-first heap   total 98304K, used 60844K [0x00000000a0e00000, 0x0000000100000000)
  region size 1024K, 57 young (58368K), 1 survivors (1024K)
 Metaspace       used 18961K, committed 19200K, reserved 1073152K
  class space    used 1870K, committed 1984K, reserved 1048576K
}
Event: 2.940 GC heap after
{Heap after GC invocations=5 (full 0):
 garbage-first heap   total 98304K, used 3499K [0x00000000a0e00000, 0x0000000100000000)
  region size 1024K, 1 young (1024K), 1 survivors (1024K)
 Metaspace       used 18961K, committed 19200K, reserved 1073152K
  class space    used 1870K, committed 1984K, reserved 1048576K
}
Event: 3.088 GC heap before
{Heap before GC invocations=5 (full 0):
 garbage-first heap   total 98304K, used 60843K [0x00000000a0e00000, 0x0000000100000000)
  region size 1024K, 57 young (58368K), 1 survivors (1024K)
 Metaspace       used 18971K, committed 19200K, reserved 1073152K
  class space    used 1870K, committed 1984K, reserved 1048576K
}
Event: 3.089 GC heap after
{Heap after GC invocations=6 (full 0):
 garbage-first heap   total 98304K, used 3495K [0x00000000a0e00000, 0x0000000100000000)
  region size 1024K, 1 young (1024K), 1 survivors (1024K)
 Metaspace       used 18971K, committed 19200K, reserved 1073152K
  class space    used 1870K, committed 1984K, reserved 1048576K
}
Event: 3.226 GC heap before
{Heap before GC invocations=6 (full 0):
 garbage-first heap   total 98304K, used 60839K [0x00000000a0e00000, 0x0000000100000000)
  region size 1024K, 57 young (58368K), 1 survivors (1024K)
 Metaspace       used 18971K, committed 19200K, reserved 1073152K
  class space    used 1870K, committed 1984K, reserved 1048576K
}
Event: 3.227 GC heap after
{Heap after GC invocations=7 (full 0):
 garbage-first heap   total 98304K, used 3495K [0x00000000a0e00000, 0x0000000100000000)
  region size 1024K, 1 young (1024K), 1 survivors (1024K)
 Metaspace       used 18971K, committed 19200K, reserved 1073152K
  class space    used 1870K, committed 1984K, reserved 1048576K
}
Event: 7.347 GC heap before
{Heap before GC invocations=7 (full 0):
 garbage-first heap   total 98304K, used 60839K [0x00000000a0e00000, 0x0000000100000000)
  region size 1024K, 57 young (58368K), 1 survivors (1024K)
 Metaspace       used 18999K, committed 19200K, reserved 1073152K
  class space    used 1871K, committed 1984K, reserved 1048576K
}
Event: 7.348 GC heap after
{Heap after GC invocations=8 (full 0):
 garbage-first heap   total 98304K, used 3501K [0x00000000a0e00000, 0x0000000100000000)
  region size 1024K, 1 young (1024K), 1 survivors (1024K)
 Metaspace       used 18999K, committed 19200K, reserved 1073152K
  class space    used 1871K, committed 1984K, reserved 1048576K
}
Event: 7.454 GC heap before
{Heap before GC invocations=8 (full 0):
 garbage-first heap   total 98304K, used 60845K [0x00000000a0e00000, 0x0000000100000000)
  region size 1024K, 57 young (58368K), 1 survivors (1024K)
 Metaspace       used 19000K, committed 19200K, reserved 1073152K
  class space    used 1871K, committed 1984K, reserved 1048576K
}
Event: 7.454 GC heap after
{Heap after GC invocations=9 (full 0):
 garbage-first heap   total 98304K, used 3503K [0x00000000a0e00000, 0x0000000100000000)
  region size 1024K, 1 young (1024K), 1 survivors (1024K)
 Metaspace       used 19000K, committed 19200K, reserved 1073152K
  class space    used 1871K, committed 1984K, reserved 1048576K
}
Event: 7.632 GC heap before
{Heap before GC invocations=9 (full 0):
 garbage-first heap   total 98304K, used 60847K [0x00000000a0e00000, 0x0000000100000000)
  region size 1024K, 57 young (58368K), 1 survivors (1024K)
 Metaspace       used 19001K, committed 19200K, reserved 1073152K
  class space    used 1871K, committed 1984K, reserved 1048576K
}
Event: 7.632 GC heap after
{Heap after GC invocations=10 (full 0):
 garbage-first heap   total 98304K, used 3501K [0x00000000a0e00000, 0x0000000100000000)
  region size 1024K, 1 young (1024K), 1 survivors (1024K)
 Metaspace       used 19001K, committed 19200K, reserved 1073152K
  class space    used 1871K, committed 1984K, reserved 1048576K
}
Event: 7.744 GC heap before
{Heap before GC invocations=10 (full 0):
 garbage-first heap   total 98304K, used 60845K [0x00000000a0e00000, 0x0000000100000000)
  region size 1024K, 57 young (58368K), 1 survivors (1024K)
 Metaspace       used 19001K, committed 19200K, reserved 1073152K
  class space    used 1871K, committed 1984K, reserved 1048576K
}
Event: 7.745 GC heap after
{Heap after GC invocations=11 (full 0):
 garbage-first heap   total 98304K, used 3503K [0x00000000a0e00000, 0x0000000100000000)
  region size 1024K, 1 young (1024K), 1 survivors (1024K)
 Metaspace       used 19001K, committed 19200K, reserved 1073152K
  class space    used 1871K, committed 1984K, reserved 1048576K
}
Event: 7.892 GC heap before
{Heap before GC invocations=11 (full 0):
 garbage-first heap   total 98304K, used 60847K [0x00000000a0e00000, 0x0000000100000000)
  region size 1024K, 57 young (58368K), 1 survivors (1024K)
 Metaspace       used 19001K, committed 19200K, reserved 1073152K
  class space    used 1871K, committed 1984K, reserved 1048576K
}
Event: 7.893 GC heap after
{Heap after GC invocations=12 (full 0):
 garbage-first heap   total 98304K, used 3499K [0x00000000a0e00000, 0x0000000100000000)
  region size 1024K, 1 young (1024K), 1 survivors (1024K)
 Metaspace       used 19001K, committed 19200K, reserved 1073152K
  class space    used 1871K, committed 1984K, reserved 1048576K
}
Event: 7.998 GC heap before
{Heap before GC invocations=12 (full 0):
 garbage-first heap   total 98304K, used 60843K [0x00000000a0e00000, 0x0000000100000000)
  region size 1024K, 57 young (58368K), 1 survivors (1024K)
 Metaspace       used 19001K, committed 19200K, reserved 1073152K
  class space    used 1871K, committed 1984K, reserved 1048576K
}
Event: 7.999 GC heap after
{Heap after GC invocations=13 (full 0):
 garbage-first heap   total 98304K, used 3501K [0x00000000a0e00000, 0x0000000100000000)
  region size 1024K, 1 young (1024K), 1 survivors (1024K)
 Metaspace       used 19001K, committed 19200K, reserved 1073152K
  class space    used 1871K, committed 1984K, reserved 1048576K
}

